[0mGET /api-docs/ [36m304[0m 19.460 ms - -[0m
[0mGET /api-docs/swagger-ui.css [36m304[0m 2.630 ms - -[0m
[0mGET /api-docs/swagger-ui-init.js [36m304[0m 0.585 ms - -[0m
[0mGET /api-docs/swagger-ui-bundle.js [36m304[0m 4.366 ms - -[0m
[0mGET /api-docs/swagger-ui-standalone-preset.js [36m304[0m 2.352 ms - -[0m
[0mGET /api-docs/favicon-32x32.png [36m304[0m 0.794 ms - -[0m
[0mGET /api-docs/ [36m304[0m 2.649 ms - -[0m
[0mGET /api-docs/swagger-ui.css [36m304[0m 3.841 ms - -[0m
[0mGET /api-docs/swagger-ui-standalone-preset.js [36m304[0m 1.975 ms - -[0m
[0mGET /api-docs/swagger-ui-bundle.js [36m304[0m 4.434 ms - -[0m
[0mGET /api-docs/swagger-ui-init.js [36m304[0m 0.429 ms - -[0m
[0mGET /api-docs/favicon-32x32.png [36m304[0m 0.331 ms - -[0m
[0mGET /api-docs/ [36m304[0m 2.165 ms - -[0m
[0mGET /api-docs/swagger-ui.css [36m304[0m 1.691 ms - -[0m
[0mGET /api-docs/swagger-ui-bundle.js [36m304[0m 0.689 ms - -[0m
[0mGET /api-docs/swagger-ui-init.js [36m304[0m 0.376 ms - -[0m
[0mGET /api-docs/swagger-ui-standalone-preset.js [36m304[0m 3.888 ms - -[0m
[0mGET /api-docs/favicon-32x32.png [36m304[0m 0.553 ms - -[0m
[0mGET /api-docs/ [36m304[0m 21.991 ms - -[0m
[0mGET /api-docs/swagger-ui.css [36m304[0m 3.967 ms - -[0m
[0mGET /api-docs/swagger-ui-bundle.js [36m304[0m 4.340 ms - -[0m
[0mGET /api-docs/swagger-ui-standalone-preset.js [36m304[0m 0.908 ms - -[0m
[0mGET /api-docs/swagger-ui-init.js [32m200[0m 0.711 ms - 1591[0m
[0mGET /api-docs/favicon-32x32.png [36m304[0m 0.397 ms - -[0m
[0mGET /api-docs/ [36m304[0m 19.494 ms - -[0m
[0mGET /api-docs/swagger-ui.css [36m304[0m 3.859 ms - -[0m
[0mGET /api-docs/swagger-ui-bundle.js [36m304[0m 3.540 ms - -[0m
[0mGET /api-docs/swagger-ui-init.js [32m200[0m 0.802 ms - 1474[0m
[0mGET /api-docs/swagger-ui-standalone-preset.js [36m304[0m 3.256 ms - -[0m
[0mGET /api-docs/favicon-32x32.png [36m304[0m 0.495 ms - -[0m
[0mGET /api-docs/ [36m304[0m 2.702 ms - -[0m
[0mGET /api-docs/swagger-ui.css [36m304[0m 0.635 ms - -[0m
[0mGET /api-docs/swagger-ui-bundle.js [36m304[0m 0.583 ms - -[0m
[0mGET /api-docs/swagger-ui-standalone-preset.js [36m304[0m 1.136 ms - -[0m
[0mGET /api-docs/swagger-ui-init.js [36m304[0m 0.363 ms - -[0m
[0mGET /api-docs/favicon-32x32.png [36m304[0m 0.381 ms - -[0m
[0mGET /api-docs/ [36m304[0m 5.271 ms - -[0m
[0mGET /api-docs/swagger-ui.css [36m304[0m 2.126 ms - -[0m
[0mGET /api-docs/swagger-ui-bundle.js [36m304[0m 4.363 ms - -[0m
[0mGET /api-docs/swagger-ui-standalone-preset.js [36m304[0m 2.951 ms - -[0m
[0mGET /api-docs/swagger-ui-init.js [36m304[0m 0.491 ms - -[0m
[0mGET /api-docs/favicon-32x32.png [36m304[0m 0.424 ms - -[0m
[0mGET /api-docs/ [36m304[0m 2.285 ms - -[0m
[0mGET /api-docs/swagger-ui.css [36m304[0m 0.524 ms - -[0m
[0mGET /api-docs/swagger-ui-bundle.js [36m304[0m 0.776 ms - -[0m
[0mGET /api-docs/swagger-ui-init.js [36m304[0m 0.299 ms - -[0m
[0mGET /api-docs/swagger-ui-standalone-preset.js [36m304[0m 3.886 ms - -[0m
[0mGET /api-docs/favicon-32x32.png [36m304[0m 0.494 ms - -[0m
[0mGET /api-docs/ [36m304[0m 18.638 ms - -[0m
[0mGET /api-docs/swagger-ui.css [36m304[0m 3.754 ms - -[0m
[0mGET /api-docs/swagger-ui-bundle.js [36m304[0m 3.723 ms - -[0m
[0mGET /api-docs/swagger-ui-init.js [32m200[0m 0.670 ms - 1780[0m
[0mGET /api-docs/swagger-ui-standalone-preset.js [36m304[0m 3.890 ms - -[0m
[0mGET /api-docs/favicon-32x32.png [36m304[0m 0.563 ms - -[0m
[0mGET /api-docs/ [36m304[0m 6.644 ms - -[0m
[0mGET /api-docs/ [36m304[0m 1.136 ms - -[0m
[0mGET /api-docs/ [36m304[0m 1.181 ms - -[0m
[0mGET /api-docs/ [36m304[0m 0.608 ms - -[0m
[0mGET /api-docs/ [36m304[0m 0.903 ms - -[0m
[0mGET /api-docs/ [36m304[0m 1.403 ms - -[0m
[0mGET /api-docs/ [36m304[0m 0.765 ms - -[0m
[0mGET /api-docs/ [36m304[0m 2.096 ms - -[0m
[0mGET /api-docs/ [36m304[0m 0.778 ms - -[0m
[0mGET /api-docs/ [36m304[0m 4.110 ms - -[0m
[0mGET /api-docs/ [36m304[0m 4.970 ms - -[0m
[0mGET /api-docs/ [36m304[0m 4.477 ms - -[0m
[0mGET /api-docs/ [36m304[0m 1.642 ms - -[0m
[0mGET /api-docs/ [36m304[0m 6.937 ms - -[0m
[0mGET /api-docs/ [36m304[0m 1.715 ms - -[0m
[0mGET /api-docs/ [36m304[0m 2.319 ms - -[0m
[0mGET /api-docs/ [36m304[0m 0.907 ms - -[0m
[0mGET /api-docs/ [36m304[0m 9.999 ms - -[0m
[0mGET /api-docs/ [36m304[0m 14.197 ms - -[0m
[0mGET / [33m404[0m 1.402 ms - 43[0m
[0mGET / [33m404[0m 2.688 ms - 43[0m
[0mGET /api-docs/ [36m304[0m 1.424 ms - -[0m
[0mGET /api-docs/ [36m304[0m 3.749 ms - -[0m
[0mGET /api-docs/ [36m304[0m 2.106 ms - -[0m
[0mGET /api-docs/ [36m304[0m 0.840 ms - -[0m
[0mGET /api-docs/ [36m304[0m 2.338 ms - -[0m
[0mGET /api-docs/ [36m304[0m 0.873 ms - -[0m
[0mGET /api-docs/ [36m304[0m 3.794 ms - -[0m
[0mGET /api-docs/ [36m304[0m 13.022 ms - -[0m
[0mGET /api-docs/ [36m304[0m 7.173 ms - -[0m
[0mGET /api-docs/ [36m304[0m 5.851 ms - -[0m
[0mGET /api-docs/ [36m304[0m 1.101 ms - -[0m
[0mGET /api-docs/ [36m304[0m 2.296 ms - -[0m
[0mGET /api-docs/ [36m304[0m 0.589 ms - -[0m
[0mGET /api-docs/ [36m304[0m 2.097 ms - -[0m
[0mGET /api-docs/ [36m304[0m 0.491 ms - -[0m
[0mGET /api-docs/ [36m304[0m 4.837 ms - -[0m
[0mGET /api-docs/ [36m304[0m 1.115 ms - -[0m
[0mGET /api-docs/ [36m304[0m 3.289 ms - -[0m
